[ 2016-06-06T18:01:13+08:00 ] ::1 /blog/index.php/Home/User/
INFO: [ app_begin ] --START--
INFO: Run Behavior\ReadHtmlCacheBehavior [ RunTime:0.000664s ]
INFO: [ app_begin ] --END-- [ RunTime:0.001129s ]
INFO: [ view_parse ] --START--
INFO: [ template_filter ] --START--
INFO: Run Behavior\ContentReplaceBehavior [ RunTime:0.000166s ]
INFO: [ template_filter ] --END-- [ RunTime:0.000431s ]
INFO: Run Behavior\ParseTemplateBehavior [ RunTime:0.010606s ]
INFO: [ view_parse ] --END-- [ RunTime:0.010768s ]
INFO: [ view_filter ] --START--
INFO: Run Behavior\WriteHtmlCacheBehavior [ RunTime:0.000576s ]
INFO: [ view_filter ] --END-- [ RunTime:0.000709s ]
INFO: [ app_end ] --START--
INFO: Run Behavior\ShowPageTraceBehavior [ RunTime:0.000874s ]
INFO: [ app_end ] --END-- [ RunTime:0.001026s ]

[ 2016-06-06T18:01:14+08:00 ] ::1 /blog/index.php/Home/User/
INFO: [ app_begin ] --START--
INFO: Run Behavior\ReadHtmlCacheBehavior [ RunTime:0.000831s ]
INFO: [ app_begin ] --END-- [ RunTime:0.001394s ]
INFO: [ view_parse ] --START--
INFO: [ template_filter ] --START--
INFO: Run Behavior\ContentReplaceBehavior [ RunTime:0.000106s ]
INFO: [ template_filter ] --END-- [ RunTime:0.000238s ]
INFO: Run Behavior\ParseTemplateBehavior [ RunTime:0.008874s ]
INFO: [ view_parse ] --END-- [ RunTime:0.009003s ]
INFO: [ view_filter ] --START--
INFO: Run Behavior\WriteHtmlCacheBehavior [ RunTime:0.000410s ]
INFO: [ view_filter ] --END-- [ RunTime:0.000517s ]
INFO: [ app_end ] --START--
INFO: Run Behavior\ShowPageTraceBehavior [ RunTime:0.000596s ]
INFO: [ app_end ] --END-- [ RunTime:0.000707s ]

[ 2016-06-06T18:01:14+08:00 ] ::1 /blog/index.php/Home/User/
INFO: [ app_begin ] --START--
INFO: Run Behavior\ReadHtmlCacheBehavior [ RunTime:0.000653s ]
INFO: [ app_begin ] --END-- [ RunTime:0.001100s ]
INFO: [ view_parse ] --START--
INFO: [ template_filter ] --START--
INFO: Run Behavior\ContentReplaceBehavior [ RunTime:0.000102s ]
INFO: [ template_filter ] --END-- [ RunTime:0.000235s ]
INFO: Run Behavior\ParseTemplateBehavior [ RunTime:0.009140s ]
INFO: [ view_parse ] --END-- [ RunTime:0.009289s ]
INFO: [ view_filter ] --START--
INFO: Run Behavior\WriteHtmlCacheBehavior [ RunTime:0.000446s ]
INFO: [ view_filter ] --END-- [ RunTime:0.000560s ]
INFO: [ app_end ] --START--
INFO: Run Behavior\ShowPageTraceBehavior [ RunTime:0.000841s ]
INFO: [ app_end ] --END-- [ RunTime:0.000970s ]

[ 2016-06-06T18:01:15+08:00 ] ::1 /blog/index.php/Home/User/%7B$Think.const.__CONTROLLER__%7D/other.php
INFO: [ app_begin ] --START--
INFO: Run Behavior\ReadHtmlCacheBehavior [ RunTime:0.000792s ]
INFO: [ app_begin ] --END-- [ RunTime:0.001270s ]
ERR: 非法操作:{$Think.const.__CONTROLLER__}

[ 2016-06-06T18:01:15+08:00 ] ::1 /blog/index.php/Home/User/%7B$Think.const.__CONTROLLER__%7D/other.php
INFO: [ app_begin ] --START--
INFO: Run Behavior\ReadHtmlCacheBehavior [ RunTime:0.000612s ]
INFO: [ app_begin ] --END-- [ RunTime:0.001067s ]
ERR: 非法操作:{$Think.const.__CONTROLLER__}

[ 2016-06-06T18:01:15+08:00 ] ::1 /blog/index.php/Home/User/%7B$Think.const.__CONTROLLER__%7D/other.php
INFO: [ app_begin ] --START--
INFO: Run Behavior\ReadHtmlCacheBehavior [ RunTime:0.000694s ]
INFO: [ app_begin ] --END-- [ RunTime:0.001331s ]
ERR: 非法操作:{$Think.const.__CONTROLLER__}

[ 2016-06-06T18:01:15+08:00 ] ::1 /blog/index.php/Home/User/%7B$Think.const.__CONTROLLER__%7D/other.php
INFO: [ app_begin ] --START--
INFO: Run Behavior\ReadHtmlCacheBehavior [ RunTime:0.000628s ]
INFO: [ app_begin ] --END-- [ RunTime:0.001023s ]
ERR: 非法操作:{$Think.const.__CONTROLLER__}

[ 2016-06-06T18:01:22+08:00 ] ::1 /blog/index.php/Home/Admin
ERR: 非法操作:index

[ 2016-06-06T18:01:32+08:00 ] ::1 /blog/index.php/Home/Admin/login
ERR: 非法操作:login

[ 2016-06-06T18:01:38+08:00 ] ::1 /blog/index.php/Home/Admin/login.html
ERR: 非法操作:login

[ 2016-06-06T18:02:42+08:00 ] ::1 /blog/index.php/Home/Admin/login.html
ERR: 非法操作:login

[ 2016-06-06T18:02:43+08:00 ] ::1 /blog/index.php/Home/Admin/login
ERR: 非法操作:login

[ 2016-06-06T18:02:44+08:00 ] ::1 /blog/index.php/Home/Admin
ERR: 非法操作:index

