[ 2016-06-07T00:23:16+08:00 ] ::1 /blog/index.php/Admin/Manager/handle.html
ERR: 无法加载数据库驱动: Think\Db\Driver\

[ 2016-06-07T00:23:58+08:00 ] ::1 /blog/index.php/Admin/Manager/handle.html
ERR: 无法加载数据库驱动: Think\Db\Driver\

[ 2016-06-07T00:25:04+08:00 ] ::1 /blog/index.php/Admin/Manager/handle.html
ERR: 无法加载数据库驱动: Think\Db\Driver\

[ 2016-06-07T00:35:52+08:00 ] ::1 /blog/index.php/Admin/Manager/handle.html
ERR: 无法加载数据库驱动: Think\Db\Driver\

[ 2016-06-07T00:37:09+08:00 ] ::1 /blog/index.php/Admin/
ERR: 无法加载数据库驱动: Think\Db\Driver\

[ 2016-06-07T00:37:12+08:00 ] ::1 /blog/index.php/Admin/
ERR: 无法加载数据库驱动: Think\Db\Driver\

[ 2016-06-07T00:37:26+08:00 ] ::1 /blog/index.php/Admin/index
ERR: 无法加载数据库驱动: Think\Db\Driver\

[ 2016-06-07T00:39:47+08:00 ] ::1 /blog/index.php/Admin/Manager/
ERR: 非法操作:index

[ 2016-06-07T00:49:08+08:00 ] ::1 /blog/index.php/Admin/Manager/handle.html
ERR: 1064:You have an error in your SQL syntax; check the manual that corresponds to your MySQL server version for the right syntax to use near 'WHERE `id` = 1' at line 1
 [ SQL语句 ] : UPDATE `admin` SET  WHERE `id` = 1

[ 2016-06-07T00:54:00+08:00 ] ::1 /blog/index.php/Admin/Manager/handle.html
ERR: 1064:You have an error in your SQL syntax; check the manual that corresponds to your MySQL server version for the right syntax to use near 'WHERE `id` = 1' at line 1
 [ SQL语句 ] : UPDATE `admin` SET  WHERE `id` = 1

[ 2016-06-07T01:03:14+08:00 ] ::1 /blog/index.php/Admin/Manager/handle.html
ERR: 1364:Field 'a_name' doesn't have a default value
 [ SQL语句 ] : INSERT INTO `admin` () VALUES ()

[ 2016-06-07T12:46:03+08:00 ] ::1 /blog/index.php/Admin/Manager/handle.html
ERR: 1064:You have an error in your SQL syntax; check the manual that corresponds to your MySQL server version for the right syntax to use near 'WHERE `id` = 1' at line 1
 [ SQL语句 ] : UPDATE `admin` SET  WHERE `id` = 1

[ 2016-06-07T13:39:29+08:00 ] ::1 /blog/index.php/Admin/Manager/handle.html
ERR: 1064:You have an error in your SQL syntax; check the manual that corresponds to your MySQL server version for the right syntax to use near 'WHERE `id` = 1' at line 1
 [ SQL语句 ] : UPDATE `admin` SET  WHERE `id` = 1

[ 2016-06-07T16:27:21+08:00 ] ::1 /blog/index.php/Admin/Manager/
ERR: 非法操作:index

[ 2016-06-07T16:32:58+08:00 ] 127.0.0.1 /blog/index.php/Admin/Manager/handle.html
ERR: SQLSTATE[HY000] [1049] Unknown database 'myb'

[ 2016-06-07T17:06:40+08:00 ] ::1 /blog/index.php/Admin/Manager/
ERR: 非法操作:index

[ 2016-06-07T18:47:32+08:00 ] ::1 /blog/index.php/Admin/Manager/userAutoTips.js
ERR: 非法操作:userAutoTips.js

[ 2016-06-07T18:47:32+08:00 ] ::1 /blog/index.php/Admin/Manager/styles/userAutoTips.css
ERR: 非法操作:styles

[ 2016-06-07T18:47:32+08:00 ] ::1 /blog/index.php/Admin/Manager/userAutoTips.js
ERR: 非法操作:userAutoTips.js

[ 2016-06-07T18:47:32+08:00 ] ::1 /blog/index.php/Admin/Manager/styles/userAutoTips.css
ERR: 非法操作:styles

[ 2016-06-07T18:49:47+08:00 ] ::1 /blog/index.php/Admin/Manager/styles/userAutoTips.css
ERR: 非法操作:styles

[ 2016-06-07T18:49:47+08:00 ] ::1 /blog/index.php/Admin/Manager/userAutoTips.js
ERR: 非法操作:userAutoTips.js

[ 2016-06-07T18:49:48+08:00 ] ::1 /blog/index.php/Admin/Manager/styles/userAutoTips.css
ERR: 非法操作:styles

[ 2016-06-07T18:50:05+08:00 ] ::1 /blog/index.php/Admin/Manager/userAutoTips.js
ERR: 非法操作:userAutoTips.js

[ 2016-06-07T18:50:05+08:00 ] ::1 /blog/index.php/Admin/Manager/styles/userAutoTips.css
ERR: 非法操作:styles

[ 2016-06-07T18:50:17+08:00 ] ::1 /blog/index.php/Admin/Manager/styles/userAutoTips.css
ERR: 非法操作:styles

[ 2016-06-07T18:50:58+08:00 ] ::1 /blog/index.php/Admin/Manager/styles/userAutoTips.css
ERR: 非法操作:styles

[ 2016-06-07T18:50:58+08:00 ] ::1 /blog/index.php/Admin/Manager/userAutoTips.js
ERR: 非法操作:userAutoTips.js

[ 2016-06-07T18:53:59+08:00 ] ::1 /blog/index.php/Admin/Manager/styles/userAutoTips.css
ERR: 非法操作:styles

[ 2016-06-07T18:53:59+08:00 ] ::1 /blog/index.php/Admin/Manager/userAutoTips.js
ERR: 非法操作:userAutoTips.js

[ 2016-06-07T18:57:05+08:00 ] ::1 /blog/index.php/Admin/Manager/styles/sprites.css?20151001-1
ERR: 非法操作:styles

[ 2016-06-07T18:57:05+08:00 ] ::1 /blog/index.php/Admin/Manager/pic/forum_pic/chs/forumsprites.css?20151001-1
ERR: 非法操作:pic

[ 2016-06-07T18:57:05+08:00 ] ::1 /blog/index.php/Admin/Manager/styles/own/theme.css?20151001-1
ERR: 非法操作:styles

[ 2016-06-07T18:57:05+08:00 ] ::1 /blog/index.php/Admin/Manager/styles/own/accordion.css?20151001-1
ERR: 非法操作:styles

[ 2016-06-07T18:57:05+08:00 ] ::1 /blog/index.php/Admin/Manager/styles/curtain_imageresizer.css?20151001-1
ERR: 非法操作:styles

[ 2016-06-07T18:57:05+08:00 ] ::1 /blog/index.php/Admin/Manager/styles/mediumfont.css?20151001-1
ERR: 非法操作:styles

[ 2016-06-07T18:57:05+08:00 ] ::1 /blog/index.php/Admin/Manager/ajaxbasic.js?20151001-1
ERR: 非法操作:ajaxbasic.js

[ 2016-06-07T18:57:05+08:00 ] ::1 /blog/index.php/Admin/Manager/curtain_imageresizer.js?20151001-1
ERR: 非法操作:curtain_imageresizer.js

[ 2016-06-07T18:57:05+08:00 ] ::1 /blog/index.php/Admin/Manager/styles/own/DomTT.css?20151001-1
ERR: 非法操作:styles

[ 2016-06-07T18:57:05+08:00 ] ::1 /blog/index.php/Admin/Manager/domLib.js?20151001-1
ERR: 非法操作:domLib.js

[ 2016-06-07T18:57:05+08:00 ] ::1 /blog/index.php/Admin/Manager/common.js?20151001-1
ERR: 非法操作:common.js

[ 2016-06-07T18:57:05+08:00 ] ::1 /blog/index.php/Admin/Manager/domTT_drag.js?20151001-1
ERR: 非法操作:domTT_drag.js

[ 2016-06-07T18:57:05+08:00 ] ::1 /blog/index.php/Admin/Manager/domTT.js?20151001-1
ERR: 非法操作:domTT.js

[ 2016-06-07T18:57:05+08:00 ] ::1 /blog/index.php/Admin/Manager/fadomatic.js?20151001-1
ERR: 非法操作:fadomatic.js

[ 2016-06-07T18:57:05+08:00 ] ::1 /blog/index.php/Admin/Manager/userAutoTips.js
ERR: 非法操作:userAutoTips.js

[ 2016-06-07T18:57:05+08:00 ] ::1 /blog/index.php/Admin/Manager/jquery-min.js?20151001-1
ERR: 非法操作:jquery-min.js

[ 2016-06-07T18:57:05+08:00 ] ::1 /blog/index.php/Admin/Manager/styles/sprites.css?20151001-1
ERR: 非法操作:styles

[ 2016-06-07T18:57:05+08:00 ] ::1 /blog/index.php/Admin/Manager/styles/userAutoTips.css
ERR: 非法操作:styles

[ 2016-06-07T18:57:05+08:00 ] ::1 /blog/index.php/Admin/Manager/styles/own/theme.css?20151001-1
ERR: 非法操作:styles

[ 2016-06-07T18:57:05+08:00 ] ::1 /blog/index.php/Admin/Manager/pic/forum_pic/chs/forumsprites.css?20151001-1
ERR: 非法操作:pic

[ 2016-06-07T18:57:05+08:00 ] ::1 /blog/index.php/Admin/Manager/ajaxbasic.js?20151001-1
ERR: 非法操作:ajaxbasic.js

[ 2016-06-07T18:57:05+08:00 ] ::1 /blog/index.php/Admin/Manager/common.js?20151001-1
ERR: 非法操作:common.js

[ 2016-06-07T18:57:05+08:00 ] ::1 /blog/index.php/Admin/Manager/domLib.js?20151001-1
ERR: 非法操作:domLib.js

[ 2016-06-07T18:57:05+08:00 ] ::1 /blog/index.php/Admin/Manager/domTT.js?20151001-1
ERR: 非法操作:domTT.js

[ 2016-06-07T18:57:05+08:00 ] ::1 /blog/index.php/Admin/Manager/domTT_drag.js?20151001-1
ERR: 非法操作:domTT_drag.js

[ 2016-06-07T18:57:05+08:00 ] ::1 /blog/index.php/Admin/Manager/fadomatic.js?20151001-1
ERR: 非法操作:fadomatic.js

[ 2016-06-07T18:57:05+08:00 ] ::1 /blog/index.php/Admin/Manager/jquery-min.js?20151001-1
ERR: 非法操作:jquery-min.js

[ 2016-06-07T18:57:05+08:00 ] ::1 /blog/index.php/Admin/Manager/styles/userAutoTips.css
ERR: 非法操作:styles

[ 2016-06-07T18:57:05+08:00 ] ::1 /blog/index.php/Admin/Manager/userAutoTips.js
ERR: 非法操作:userAutoTips.js

[ 2016-06-07T20:06:01+08:00 ] ::1 /blog/index.php/Admin/Manager/bower_components/trumbowyg/dist/trumbowyg.min.js
ERR: 非法操作:bower_components

[ 2016-06-07T20:06:01+08:00 ] ::1 /blog/index.php/Admin/Manager/bower_components/trumbowyg/dist/trumbowyg.min.js
ERR: 非法操作:bower_components

[ 2016-06-07T20:06:04+08:00 ] ::1 /blog/index.php/Admin/Manager/bower_components/trumbowyg/dist/trumbowyg.min.js
ERR: 非法操作:bower_components

[ 2016-06-07T20:06:05+08:00 ] ::1 /blog/index.php/Admin/Manager/bower_components/trumbowyg/dist/trumbowyg.min.js
ERR: 非法操作:bower_components

[ 2016-06-07T20:06:18+08:00 ] ::1 /blog/index.php/Admin/Manager/bower_components/trumbowyg/dist/ui/trumbowyg.min.css
ERR: 非法操作:bower_components

[ 2016-06-07T20:06:18+08:00 ] ::1 /blog/index.php/Admin/Manager/bower_components/trumbowyg/dist/trumbowyg.min.js
ERR: 非法操作:bower_components

[ 2016-06-07T20:06:27+08:00 ] ::1 /blog/index.php/Admin/Manager/bower_components/trumbowyg/dist/trumbowyg.min.js
ERR: 非法操作:bower_components

[ 2016-06-07T20:06:27+08:00 ] ::1 /blog/index.php/Admin/Manager/bower_components/trumbowyg/dist/ui/trumbowyg.min.css
ERR: 非法操作:bower_components

[ 2016-06-07T20:08:28+08:00 ] ::1 /blog/index.php/Admin/Manager/js/dist/langs/fr.min.js
ERR: 非法操作:js

[ 2016-06-07T20:08:28+08:00 ] ::1 /blog/index.php/Admin/Manager/bower_components/trumbowyg/dist/ui/trumbowyg.min.css
ERR: 非法操作:bower_components

[ 2016-06-07T20:08:28+08:00 ] ::1 /blog/index.php/Admin/Manager/bower_components/trumbowyg/dist/trumbowyg.min.js
ERR: 非法操作:bower_components

[ 2016-06-07T20:08:34+08:00 ] ::1 /blog/index.php/Admin/Manager/bower_components/trumbowyg/dist/trumbowyg.min.js
ERR: 非法操作:bower_components

[ 2016-06-07T20:08:34+08:00 ] ::1 /blog/index.php/Admin/Manager/bower_components/trumbowyg/dist/ui/trumbowyg.min.css
ERR: 非法操作:bower_components

[ 2016-06-07T20:08:34+08:00 ] ::1 /blog/index.php/Admin/Manager/js/dist/langs/fr.min.js
ERR: 非法操作:js

[ 2016-06-07T20:23:54+08:00 ] ::1 /blog/index.php/Admin/Manager/js/vendor/trumbowyg.min.js
ERR: 非法操作:js

[ 2016-06-07T20:23:54+08:00 ] ::1 /blog/index.php/Admin/Manager/css/vendor/trumbowyg.css
ERR: 非法操作:css

[ 2016-06-07T20:23:54+08:00 ] ::1 /blog/index.php/Admin/Manager/js/vendor/trumbowyg.min.js
ERR: 非法操作:js

[ 2016-06-07T20:24:02+08:00 ] ::1 /blog/index.php/Admin/Manager/js/vendor/trumbowyg.min.js
ERR: 非法操作:js

[ 2016-06-07T20:24:02+08:00 ] ::1 /blog/index.php/Admin/Manager/css/vendor/trumbowyg.css
ERR: 非法操作:css

[ 2016-06-07T20:24:02+08:00 ] ::1 /blog/index.php/Admin/Manager/js/vendor/trumbowyg.min.js
ERR: 非法操作:js

[ 2016-06-07T20:24:03+08:00 ] ::1 /blog/index.php/Admin/Manager/css/vendor/trumbowyg.css
ERR: 非法操作:css

[ 2016-06-07T20:24:03+08:00 ] ::1 /blog/index.php/Admin/Manager/js/vendor/trumbowyg.min.js
ERR: 非法操作:js

[ 2016-06-07T20:24:03+08:00 ] ::1 /blog/index.php/Admin/Manager/js/vendor/trumbowyg.min.js
ERR: 非法操作:js

[ 2016-06-07T20:29:07+08:00 ] ::1 /blog/index.php/Admin/Manager/css/vendor/trumbowyg.css
ERR: 非法操作:css

[ 2016-06-07T20:29:22+08:00 ] ::1 /blog/index.php/Admin/Manager/css/vendor/trumbowyg.css
ERR: 非法操作:css

[ 2016-06-07T20:29:22+08:00 ] ::1 /blog/index.php/Admin/Manager/js/vendor/trumbowyg.min.js
ERR: 非法操作:js

[ 2016-06-07T20:29:22+08:00 ] ::1 /blog/index.php/Admin/Manager/js/vendor/trumbowyg.min.js
ERR: 非法操作:js

[ 2016-06-07T20:29:47+08:00 ] ::1 /blog/index.php/Admin/Manager/css/vendor/trumbowyg.css
ERR: 非法操作:css

[ 2016-06-07T20:29:49+08:00 ] ::1 /blog/index.php/Admin/Manager/css/vendor/trumbowyg.css
ERR: 非法操作:css

[ 2016-06-07T20:33:28+08:00 ] ::1 /blog/index.php/Admin/Manager/bootstrap-3.3.0/css/bootstrap.min.css
ERR: 非法操作:bootstrap-3.3.0

[ 2016-06-07T20:33:28+08:00 ] ::1 /blog/index.php/Admin/Manager/fontawesome-4.2.0/css/font-awesome.min.css
ERR: 非法操作:fontawesome-4.2.0

[ 2016-06-07T20:33:28+08:00 ] ::1 /blog/index.php/Admin/Manager/css/common.css
ERR: 非法操作:css

[ 2016-06-07T20:33:28+08:00 ] ::1 /blog/index.php/Admin/Manager/css/index.css
ERR: 非法操作:css

[ 2016-06-07T20:33:28+08:00 ] ::1 /blog/index.php/Admin/Manager/wangEditor/dist/css/wangEditor.min.css
ERR: 非法操作:wangEditor

[ 2016-06-07T20:33:28+08:00 ] ::1 /blog/index.php/Admin/Manager/index.js
ERR: 非法操作:index.js

[ 2016-06-07T20:33:28+08:00 ] ::1 /blog/index.php/Admin/Manager/js/jquery-1.10.2.min.js
ERR: 非法操作:js

[ 2016-06-07T20:33:28+08:00 ] ::1 /blog/index.php/Admin/Manager/wangEditor/dist/js/wangEditor.min.js
ERR: 非法操作:wangEditor

[ 2016-06-07T20:33:28+08:00 ] ::1 /blog/index.php/Admin/Manager/bootstrap-3.3.0/js/bootstrap.min.js
ERR: 非法操作:bootstrap-3.3.0

[ 2016-06-07T20:33:28+08:00 ] ::1 /blog/index.php/Admin/Manager/index.js
ERR: 非法操作:index.js

[ 2016-06-07T20:33:38+08:00 ] ::1 /blog/index.php/Admin/Manager/index.html
ERR: 非法操作:index

[ 2016-06-07T20:33:52+08:00 ] ::1 /blog/index.php/Admin/Manager/bootstrap-3.3.0/css/bootstrap.min.css
ERR: 非法操作:bootstrap-3.3.0

[ 2016-06-07T20:33:52+08:00 ] ::1 /blog/index.php/Admin/Manager/css/common.css
ERR: 非法操作:css

[ 2016-06-07T20:33:52+08:00 ] ::1 /blog/index.php/Admin/Manager/css/index.css
ERR: 非法操作:css

[ 2016-06-07T20:33:52+08:00 ] ::1 /blog/index.php/Admin/Manager/fontawesome-4.2.0/css/font-awesome.min.css
ERR: 非法操作:fontawesome-4.2.0

[ 2016-06-07T20:33:52+08:00 ] ::1 /blog/index.php/Admin/Manager/wangEditor/dist/css/wangEditor.min.css
ERR: 非法操作:wangEditor

[ 2016-06-07T20:33:52+08:00 ] ::1 /blog/index.php/Admin/Manager/index.js
ERR: 非法操作:index.js

[ 2016-06-07T20:33:52+08:00 ] ::1 /blog/index.php/Admin/Manager/bootstrap-3.3.0/js/bootstrap.min.js
ERR: 非法操作:bootstrap-3.3.0

[ 2016-06-07T20:33:52+08:00 ] ::1 /blog/index.php/Admin/Manager/js/jquery-1.10.2.min.js
ERR: 非法操作:js

[ 2016-06-07T20:33:52+08:00 ] ::1 /blog/index.php/Admin/Manager/wangEditor/dist/js/wangEditor.min.js
ERR: 非法操作:wangEditor

[ 2016-06-07T20:33:53+08:00 ] ::1 /blog/index.php/Admin/Manager/bootstrap-3.3.0/js/bootstrap.min.js
ERR: 非法操作:bootstrap-3.3.0

[ 2016-06-07T20:33:53+08:00 ] ::1 /blog/index.php/Admin/Manager/wangEditor/dist/js/wangEditor.min.js
ERR: 非法操作:wangEditor

[ 2016-06-07T20:33:53+08:00 ] ::1 /blog/index.php/Admin/Manager/index.js
ERR: 非法操作:index.js

[ 2016-06-07T20:34:29+08:00 ] ::1 /blog/index.php/Admin/Manager/css/vendor/trumbowyg.css
ERR: 非法操作:css

[ 2016-06-07T20:34:29+08:00 ] ::1 /blog/index.php/Admin/Manager/css/vendor/trumbowyg.css
ERR: 非法操作:css

[ 2016-06-07T20:40:12+08:00 ] ::1 /blog/index.php/Admin/Manager/jquery.wysiwyg.js
ERR: 非法操作:jquery.wysiwyg.js

[ 2016-06-07T20:40:12+08:00 ] ::1 /blog/index.php/Admin/Manager/css/vendor/trumbowyg.css
ERR: 非法操作:css

[ 2016-06-07T20:40:20+08:00 ] ::1 /blog/index.php/Admin/Manager/jquery.wysiwyg.js
ERR: 非法操作:jquery.wysiwyg.js

[ 2016-06-07T20:40:20+08:00 ] ::1 /blog/index.php/Admin/Manager/css/vendor/trumbowyg.css
ERR: 非法操作:css

[ 2016-06-07T20:40:52+08:00 ] ::1 /blog/index.php/Admin/Manager/jquery.wysiwyg.js
ERR: 非法操作:jquery.wysiwyg.js

[ 2016-06-07T20:40:52+08:00 ] ::1 /blog/index.php/Admin/Manager/css/vendor/trumbowyg.css
ERR: 非法操作:css

[ 2016-06-07T20:40:55+08:00 ] ::1 /blog/index.php/Admin/Manager/jquery.wysiwyg.js
ERR: 非法操作:jquery.wysiwyg.js

[ 2016-06-07T20:40:55+08:00 ] ::1 /blog/index.php/Admin/Manager/css/vendor/trumbowyg.css
ERR: 非法操作:css

[ 2016-06-07T20:41:41+08:00 ] ::1 /blog/index.php/Admin/Manager/css/vendor/trumbowyg.css
ERR: 非法操作:css

[ 2016-06-07T20:41:41+08:00 ] ::1 /blog/index.php/Admin/Manager/jquery.wysiwyg.js
ERR: 非法操作:jquery.wysiwyg.js

[ 2016-06-07T20:41:42+08:00 ] ::1 /blog/index.php/Admin/Manager/jquery.wysiwyg.js
ERR: 非法操作:jquery.wysiwyg.js

[ 2016-06-07T20:41:42+08:00 ] ::1 /blog/index.php/Admin/Manager/css/vendor/trumbowyg.css
ERR: 非法操作:css

[ 2016-06-07T20:41:43+08:00 ] ::1 /blog/index.php/Admin/Manager/jquery.wysiwyg.js
ERR: 非法操作:jquery.wysiwyg.js

[ 2016-06-07T20:41:43+08:00 ] ::1 /blog/index.php/Admin/Manager/css/vendor/trumbowyg.css
ERR: 非法操作:css

[ 2016-06-07T20:41:43+08:00 ] ::1 /blog/index.php/Admin/Manager/jquery.wysiwyg.js
ERR: 非法操作:jquery.wysiwyg.js

[ 2016-06-07T20:41:58+08:00 ] ::1 /blog/index.php/Admin/Manager/css/vendor/trumbowyg.css
ERR: 非法操作:css

[ 2016-06-07T20:41:58+08:00 ] ::1 /blog/index.php/Admin/Manager/jquery.wysiwyg.js
ERR: 非法操作:jquery.wysiwyg.js

[ 2016-06-07T21:09:56+08:00 ] ::1 /blog/index.php/Admin/Manager/js/jquery.qrcode.min.js
ERR: 非法操作:js

[ 2016-06-07T21:09:56+08:00 ] ::1 /blog/index.php/Admin/Manager/css/pace-theme-barber-shop.css
ERR: 非法操作:css

[ 2016-06-07T21:09:56+08:00 ] ::1 /blog/index.php/Admin/Manager/js/pace.min.js
ERR: 非法操作:js

[ 2016-06-07T21:09:56+08:00 ] ::1 /blog/index.php/Admin/Manager/css/pace-theme-barber-shop.css
ERR: 非法操作:css

[ 2016-06-07T21:09:57+08:00 ] ::1 /blog/index.php/Admin/Manager/js/jquery.qrcode.min.js
ERR: 非法操作:js

[ 2016-06-07T21:10:34+08:00 ] ::1 /blog/index.php/Admin/Manager/js/jquery.qrcode.min.js
ERR: 非法操作:js

[ 2016-06-07T21:10:34+08:00 ] ::1 /blog/index.php/Admin/Manager/js/pace.min.js
ERR: 非法操作:js

[ 2016-06-07T21:10:34+08:00 ] ::1 /blog/index.php/Admin/Manager/css/pace-theme-barber-shop.css
ERR: 非法操作:css

[ 2016-06-07T21:10:34+08:00 ] ::1 /blog/index.php/Admin/Manager/js/jquery.qrcode.min.js
ERR: 非法操作:js

[ 2016-06-07T21:12:53+08:00 ] ::1 /blog/index.php/Admin/Manager/js/pace.min.js
ERR: 非法操作:js

[ 2016-06-07T21:12:53+08:00 ] ::1 /blog/index.php/Admin/Manager/js/jquery.qrcode.min.js
ERR: 非法操作:js

[ 2016-06-07T21:12:53+08:00 ] ::1 /blog/index.php/Admin/Manager/css/pace-theme-barber-shop.css
ERR: 非法操作:css

[ 2016-06-07T21:12:53+08:00 ] ::1 /blog/index.php/Admin/Manager/js/pace.min.js
ERR: 非法操作:js

[ 2016-06-07T21:12:53+08:00 ] ::1 /blog/index.php/Admin/Manager/css/pace-theme-barber-shop.css
ERR: 非法操作:css

[ 2016-06-07T21:12:53+08:00 ] ::1 /blog/index.php/Admin/Manager/js/jquery.qrcode.min.js
ERR: 非法操作:js

[ 2016-06-07T21:12:58+08:00 ] ::1 /blog/index.php/Admin/Manager/js/pace.min.js
ERR: 非法操作:js

[ 2016-06-07T21:12:58+08:00 ] ::1 /blog/index.php/Admin/Manager/css/pace-theme-barber-shop.css
ERR: 非法操作:css

[ 2016-06-07T21:12:58+08:00 ] ::1 /blog/index.php/Admin/Manager/js/jquery.qrcode.min.js
ERR: 非法操作:js

[ 2016-06-07T21:12:58+08:00 ] ::1 /blog/index.php/Admin/Manager/js/pace.min.js
ERR: 非法操作:js

[ 2016-06-07T21:12:58+08:00 ] ::1 /blog/index.php/Admin/Manager/css/pace-theme-barber-shop.css
ERR: 非法操作:css

[ 2016-06-07T21:12:58+08:00 ] ::1 /blog/index.php/Admin/Manager/js/jquery.qrcode.min.js
ERR: 非法操作:js

[ 2016-06-07T21:13:19+08:00 ] ::1 /blog/index.php/Admin/Manager/css/pace-theme-barber-shop.css
ERR: 非法操作:css

[ 2016-06-07T21:13:19+08:00 ] ::1 /blog/index.php/Admin/Manager/js/jquery.qrcode.min.js
ERR: 非法操作:js

[ 2016-06-07T21:13:19+08:00 ] ::1 /blog/index.php/Admin/Manager/js/pace.min.js
ERR: 非法操作:js

[ 2016-06-07T21:13:19+08:00 ] ::1 /blog/index.php/Admin/Manager/css/pace-theme-barber-shop.css
ERR: 非法操作:css

[ 2016-06-07T21:13:20+08:00 ] ::1 /blog/index.php/Admin/Manager/js/jquery.qrcode.min.js
ERR: 非法操作:js

[ 2016-06-07T21:13:29+08:00 ] ::1 /blog/index.php/Admin/Manager/css/pace-theme-barber-shop.css
ERR: 非法操作:css

[ 2016-06-07T21:13:29+08:00 ] ::1 /blog/index.php/Admin/Manager/js/pace.min.js
ERR: 非法操作:js

[ 2016-06-07T21:13:29+08:00 ] ::1 /blog/index.php/Admin/Manager/js/jquery.qrcode.min.js
ERR: 非法操作:js

[ 2016-06-07T21:13:29+08:00 ] ::1 /blog/index.php/Admin/Manager/css/pace-theme-barber-shop.css
ERR: 非法操作:css

[ 2016-06-07T21:13:30+08:00 ] ::1 /blog/index.php/Admin/Manager/js/jquery.qrcode.min.js
ERR: 非法操作:js

[ 2016-06-07T21:13:33+08:00 ] ::1 /blog/index.php/Admin/Manager/js/jquery.qrcode.min.js
ERR: 非法操作:js

[ 2016-06-07T21:13:33+08:00 ] ::1 /blog/index.php/Admin/Manager/css/pace-theme-barber-shop.css
ERR: 非法操作:css

[ 2016-06-07T21:13:33+08:00 ] ::1 /blog/index.php/Admin/Manager/js/pace.min.js
ERR: 非法操作:js

[ 2016-06-07T21:13:33+08:00 ] ::1 /blog/index.php/Admin/Manager/js/pace.min.js
ERR: 非法操作:js

[ 2016-06-07T21:13:33+08:00 ] ::1 /blog/index.php/Admin/Manager/css/pace-theme-barber-shop.css
ERR: 非法操作:css

[ 2016-06-07T21:13:33+08:00 ] ::1 /blog/index.php/Admin/Manager/js/jquery.qrcode.min.js
ERR: 非法操作:js

[ 2016-06-07T21:13:44+08:00 ] ::1 /blog/index.php/Admin/Manager/js/pace.min.js
ERR: 非法操作:js

[ 2016-06-07T21:13:44+08:00 ] ::1 /blog/index.php/Admin/Manager/js/jquery.qrcode.min.js
ERR: 非法操作:js

[ 2016-06-07T21:13:44+08:00 ] ::1 /blog/index.php/Admin/Manager/css/pace-theme-barber-shop.css
ERR: 非法操作:css

[ 2016-06-07T21:13:44+08:00 ] ::1 /blog/index.php/Admin/Manager/css/pace-theme-barber-shop.css
ERR: 非法操作:css

[ 2016-06-07T21:13:45+08:00 ] ::1 /blog/index.php/Admin/Manager/js/jquery.qrcode.min.js
ERR: 非法操作:js

[ 2016-06-07T21:14:01+08:00 ] ::1 /blog/index.php/Admin/Manager/js/jquery.qrcode.min.js
ERR: 非法操作:js

[ 2016-06-07T21:14:01+08:00 ] ::1 /blog/index.php/Admin/Manager/css/pace-theme-barber-shop.css
ERR: 非法操作:css

[ 2016-06-07T21:14:01+08:00 ] ::1 /blog/index.php/Admin/Manager/js/pace.min.js
ERR: 非法操作:js

[ 2016-06-07T21:14:02+08:00 ] ::1 /blog/index.php/Admin/Manager/js/pace.min.js
ERR: 非法操作:js

[ 2016-06-07T21:14:02+08:00 ] ::1 /blog/index.php/Admin/Manager/css/pace-theme-barber-shop.css
ERR: 非法操作:css

[ 2016-06-07T21:14:02+08:00 ] ::1 /blog/index.php/Admin/Manager/js/jquery.qrcode.min.js
ERR: 非法操作:js

[ 2016-06-07T21:14:06+08:00 ] ::1 /blog/index.php/Admin/Manager/css/pace-theme-barber-shop.css
ERR: 非法操作:css

[ 2016-06-07T21:14:06+08:00 ] ::1 /blog/index.php/Admin/Manager/js/pace.min.js
ERR: 非法操作:js

[ 2016-06-07T21:14:06+08:00 ] ::1 /blog/index.php/Admin/Manager/js/jquery.qrcode.min.js
ERR: 非法操作:js

[ 2016-06-07T21:14:06+08:00 ] ::1 /blog/index.php/Admin/Manager/css/pace-theme-barber-shop.css
ERR: 非法操作:css

[ 2016-06-07T21:14:06+08:00 ] ::1 /blog/index.php/Admin/Manager/js/jquery.qrcode.min.js
ERR: 非法操作:js

[ 2016-06-07T21:16:20+08:00 ] ::1 /blog/index.php/Admin/Manager/css/vendor/trumbowyg.css
ERR: 非法操作:css

