[ 2016-06-06T18:01:44+08:00 ] ::1 /blog/index.php/Admin/login.html
ERR: 无法加载控制器:Login

[ 2016-06-06T18:02:12+08:00 ] ::1 /blog/index.php/Admin/index/login.html
ERR: 非法操作:login

[ 2016-06-06T18:02:20+08:00 ] ::1 /blog/index.php/Admin/login.html
ERR: 无法加载控制器:Login

[ 2016-06-06T18:02:39+08:00 ] ::1 /blog/index.php/Admin/index/login.html
ERR: 非法操作:login

[ 2016-06-06T18:02:41+08:00 ] ::1 /blog/index.php/Admin/login.html
ERR: 无法加载控制器:Login

[ 2016-06-06T18:03:02+08:00 ] ::1 /blog/index.php/Admin/Manager/code.php
ERR: 非法操作:code.php

[ 2016-06-06T18:03:09+08:00 ] ::1 /blog/index.php/Admin/Manager/code.php
ERR: 非法操作:code.php

[ 2016-06-06T18:03:27+08:00 ] ::1 /blog/index.php/Admin/Manager/code.php
ERR: 非法操作:code.php

[ 2016-06-06T18:04:06+08:00 ] ::1 /blog/index.php/Admin/Manager/code.php
ERR: 非法操作:code.php

[ 2016-06-06T18:04:26+08:00 ] ::1 /blog/index.php/Admin/Manager/code.php
ERR: 非法操作:code.php

[ 2016-06-06T18:04:55+08:00 ] ::1 /blog/index.php/Admin/Manager/code.php
ERR: 非法操作:code.php

[ 2016-06-06T19:49:25+08:00 ] ::1 /blog/index.php/Admin/Manager/code.jsp
ERR: 非法操作:code.jsp

[ 2016-06-06T19:49:28+08:00 ] ::1 /blog/index.php/Admin/Manager/code.jsp?d=0.2742534386018871
ERR: 非法操作:code.jsp

[ 2016-06-06T19:49:29+08:00 ] ::1 /blog/index.php/Admin/Manager/code.jsp?d=0.8321642944785105
ERR: 非法操作:code.jsp

[ 2016-06-06T19:49:45+08:00 ] ::1 /blog/index.php/Admin/Manager/code.jsp
ERR: 非法操作:code.jsp

[ 2016-06-06T19:49:47+08:00 ] ::1 /blog/index.php/Admin/Manager/code.jsp
ERR: 非法操作:code.jsp

[ 2016-06-06T19:49:48+08:00 ] ::1 /blog/index.php/Admin/Manager/code.jsp
ERR: 非法操作:code.jsp

[ 2016-06-06T19:50:15+08:00 ] ::1 /blog/index.php/Admin/Manager/code.jsp
ERR: 非法操作:code.jsp

[ 2016-06-06T19:50:26+08:00 ] ::1 /blog/index.php/Admin/Manager/code.jsp
ERR: 非法操作:code.jsp

[ 2016-06-06T19:50:46+08:00 ] ::1 /blog/index.php/Admin/Manager/code.jsp
ERR: 非法操作:code.jsp

[ 2016-06-06T20:18:06+08:00 ] ::1 /blog/index.php/Admin/Manager/handle.html
ERR: 无法加载数据库驱动: Think\Db\Driver\

[ 2016-06-06T21:52:23+08:00 ] ::1 /blog/index.php/Admin/Manager/code
ERR: 非法操作:code

