[ 2016-06-08T00:43:42+08:00 ] ::1 /blog/index.php/Admin/Manager/dist/trumbowyg.js
ERR: 非法操作:dist

[ 2016-06-08T00:43:42+08:00 ] ::1 /blog/index.php/Admin/Manager/dist/ui/trumbowyg.css
ERR: 非法操作:dist

[ 2016-06-08T00:43:42+08:00 ] ::1 /blog/index.php/Admin/Manager/examples/css/main.css
ERR: 非法操作:examples

[ 2016-06-08T00:43:42+08:00 ] ::1 /blog/index.php/Admin/Manager/jquery.min.js
ERR: 非法操作:jquery.min.js

[ 2016-06-08T00:43:42+08:00 ] ::1 /blog/index.php/Admin/Manager/dist/plugins/base64/trumbowyg.base64.js
ERR: 非法操作:dist

[ 2016-06-08T00:43:42+08:00 ] ::1 /blog/index.php/Admin/Manager/dist/plugins/colors/ui/trumbowyg.colors.css
ERR: 非法操作:dist

[ 2016-06-08T00:43:42+08:00 ] ::1 /blog/index.php/Admin/Manager/dist/langs/fr.min.js
ERR: 非法操作:dist

[ 2016-06-08T00:43:42+08:00 ] ::1 /blog/index.php/Admin/Manager/dist/plugins/noembed/trumbowyg.noembed.js
ERR: 非法操作:dist

[ 2016-06-08T00:43:42+08:00 ] ::1 /blog/index.php/Admin/Manager/dist/plugins/colors/trumbowyg.colors.js
ERR: 非法操作:dist

[ 2016-06-08T00:43:42+08:00 ] ::1 /blog/index.php/Admin/Manager/dist/plugins/upload/trumbowyg.upload.js
ERR: 非法操作:dist

[ 2016-06-08T00:43:42+08:00 ] ::1 /blog/index.php/Admin/Manager/dist/div.js
ERR: 非法操作:dist

[ 2016-06-08T00:43:42+08:00 ] ::1 /blog/index.php/Admin/Manager/dist/plugins/preformatted/trumbowyg.preformatted.js
ERR: 非法操作:dist

[ 2016-06-08T00:43:42+08:00 ] ::1 /blog/index.php/Admin/Manager/dist/plugins/pasteimage/trumbowyg.pasteimage.js
ERR: 非法操作:dist

[ 2016-06-08T00:45:38+08:00 ] ::1 /blog/index.php/Admin/Manager/dist/ui/trumbowyg.css
ERR: 非法操作:dist

[ 2016-06-08T00:45:38+08:00 ] ::1 /blog/index.php/Admin/Manager/examples/css/main.css
ERR: 非法操作:examples

[ 2016-06-08T00:45:38+08:00 ] ::1 /blog/index.php/Admin/Manager/dist/plugins/colors/ui/trumbowyg.colors.css
ERR: 非法操作:dist

[ 2016-06-08T00:45:38+08:00 ] ::1 /blog/index.php/Admin/Manager/jquery.min.js?_=1465317937114
INFO: [ app_begin ] --START--
INFO: Run Behavior\ReadHtmlCacheBehavior [ RunTime:0.001226s ]
INFO: [ app_begin ] --END-- [ RunTime:0.002069s ]
ERR: 非法操作:jquery.min.js

[ 2016-06-08T00:59:36+08:00 ] ::1 /blog/index.php/Admin/Manager/dist/plugins/colors/ui/trumbowyg.colors.css
ERR: 非法操作:dist

[ 2016-06-08T00:59:36+08:00 ] ::1 /blog/index.php/Admin/Manager/dist/ui/trumbowyg.css
ERR: 非法操作:dist

[ 2016-06-08T00:59:36+08:00 ] ::1 /blog/index.php/Admin/Manager/examples/css/main.css
ERR: 非法操作:examples

[ 2016-06-08T00:59:36+08:00 ] ::1 /blog/index.php/Admin/Manager/jquery.min.js?_=1465318774319
INFO: [ app_begin ] --START--
INFO: Run Behavior\ReadHtmlCacheBehavior [ RunTime:0.000967s ]
INFO: [ app_begin ] --END-- [ RunTime:0.001836s ]
ERR: 非法操作:jquery.min.js

[ 2016-06-08T01:02:36+08:00 ] ::1 /blog/index.php/Admin/Manager/add/jquery.min.js?_=1465318953821
INFO: [ app_begin ] --START--
INFO: Run Behavior\ReadHtmlCacheBehavior [ RunTime:0.001122s ]
INFO: [ app_begin ] --END-- [ RunTime:0.001847s ]
INFO: [ view_parse ] --START--
INFO: [ template_filter ] --START--
INFO: Run Behavior\ContentReplaceBehavior [ RunTime:0.000140s ]
INFO: [ template_filter ] --END-- [ RunTime:0.000321s ]
INFO: Run Behavior\ParseTemplateBehavior [ RunTime:0.009395s ]
INFO: [ view_parse ] --END-- [ RunTime:0.009691s ]
INFO: [ view_filter ] --START--
INFO: Run Behavior\WriteHtmlCacheBehavior [ RunTime:0.000518s ]
INFO: [ view_filter ] --END-- [ RunTime:0.000630s ]
INFO: [ app_end ] --START--
INFO: Run Behavior\ShowPageTraceBehavior [ RunTime:0.000914s ]
INFO: [ app_end ] --END-- [ RunTime:0.001100s ]

[ 2016-06-08T01:02:38+08:00 ] ::1 /blog/index.php/Admin/Manager/add/jquery.min.js?_=1465318953822
INFO: [ app_begin ] --START--
INFO: Run Behavior\ReadHtmlCacheBehavior [ RunTime:0.000780s ]
INFO: [ app_begin ] --END-- [ RunTime:0.001421s ]
INFO: [ view_parse ] --START--
INFO: [ template_filter ] --START--
INFO: Run Behavior\ContentReplaceBehavior [ RunTime:0.000169s ]
INFO: [ template_filter ] --END-- [ RunTime:0.000435s ]
INFO: Run Behavior\ParseTemplateBehavior [ RunTime:0.012439s ]
INFO: [ view_parse ] --END-- [ RunTime:0.012710s ]
INFO: [ view_filter ] --START--
INFO: Run Behavior\WriteHtmlCacheBehavior [ RunTime:0.000691s ]
INFO: [ view_filter ] --END-- [ RunTime:0.000936s ]
INFO: [ app_end ] --START--
INFO: Run Behavior\ShowPageTraceBehavior [ RunTime:0.000962s ]
INFO: [ app_end ] --END-- [ RunTime:0.001222s ]

[ 2016-06-08T01:02:43+08:00 ] ::1 /blog/index.php/Admin/Manager/add/jquery.min.js?_=1465318961079
INFO: [ app_begin ] --START--
INFO: Run Behavior\ReadHtmlCacheBehavior [ RunTime:0.000630s ]
INFO: [ app_begin ] --END-- [ RunTime:0.001132s ]
INFO: [ view_parse ] --START--
INFO: [ template_filter ] --START--
INFO: Run Behavior\ContentReplaceBehavior [ RunTime:0.000087s ]
INFO: [ template_filter ] --END-- [ RunTime:0.000225s ]
INFO: Run Behavior\ParseTemplateBehavior [ RunTime:0.008197s ]
INFO: [ view_parse ] --END-- [ RunTime:0.008442s ]
INFO: [ view_filter ] --START--
INFO: Run Behavior\WriteHtmlCacheBehavior [ RunTime:0.000419s ]
INFO: [ view_filter ] --END-- [ RunTime:0.000534s ]
INFO: [ app_end ] --START--
INFO: Run Behavior\ShowPageTraceBehavior [ RunTime:0.000625s ]
INFO: [ app_end ] --END-- [ RunTime:0.000759s ]

[ 2016-06-08T01:02:55+08:00 ] ::1 /blog/index.php/Admin/Manager/add/jquery.min.js?_=1465318974118
INFO: [ app_begin ] --START--
INFO: Run Behavior\ReadHtmlCacheBehavior [ RunTime:0.000962s ]
INFO: [ app_begin ] --END-- [ RunTime:0.001726s ]
INFO: [ view_parse ] --START--
INFO: [ template_filter ] --START--
INFO: Run Behavior\ContentReplaceBehavior [ RunTime:0.000240s ]
INFO: [ template_filter ] --END-- [ RunTime:0.000532s ]
INFO: Run Behavior\ParseTemplateBehavior [ RunTime:0.015517s ]
INFO: [ view_parse ] --END-- [ RunTime:0.016016s ]
INFO: [ view_filter ] --START--
INFO: Run Behavior\WriteHtmlCacheBehavior [ RunTime:0.000597s ]
INFO: [ view_filter ] --END-- [ RunTime:0.000828s ]
INFO: [ app_end ] --START--
INFO: Run Behavior\ShowPageTraceBehavior [ RunTime:0.001099s ]
INFO: [ app_end ] --END-- [ RunTime:0.001409s ]

[ 2016-06-08T01:05:44+08:00 ] ::1 /blog/index.php/Admin/Manager/add/jquery.min.js?_=1465319142971
INFO: [ app_begin ] --START--
INFO: Run Behavior\ReadHtmlCacheBehavior [ RunTime:0.000713s ]
INFO: [ app_begin ] --END-- [ RunTime:0.001267s ]
INFO: [ view_parse ] --START--
INFO: [ template_filter ] --START--
INFO: Run Behavior\ContentReplaceBehavior [ RunTime:0.000222s ]
INFO: [ template_filter ] --END-- [ RunTime:0.000482s ]
INFO: Run Behavior\ParseTemplateBehavior [ RunTime:0.008025s ]
INFO: [ view_parse ] --END-- [ RunTime:0.008246s ]
INFO: [ view_filter ] --START--
INFO: Run Behavior\WriteHtmlCacheBehavior [ RunTime:0.001174s ]
INFO: [ view_filter ] --END-- [ RunTime:0.001430s ]
INFO: [ app_end ] --START--
INFO: Run Behavior\ShowPageTraceBehavior [ RunTime:0.001313s ]
INFO: [ app_end ] --END-- [ RunTime:0.001577s ]

[ 2016-06-08T01:11:32+08:00 ] ::1 /blog/index.php/Admin/Manager/jquery.min.map
ERR: 非法操作:jquery.min.map

[ 2016-06-08T01:11:41+08:00 ] ::1 /blog/index.php/Admin/Manager/jquery.min.map
ERR: 非法操作:jquery.min.map

[ 2016-06-08T01:12:28+08:00 ] ::1 /blog/index.php/Admin/Manager/jquery.min.map
ERR: 非法操作:jquery.min.map

[ 2016-06-08T01:14:52+08:00 ] ::1 /blog/index.php/Admin/Manager/jquery.min.map
ERR: 非法操作:jquery.min.map

[ 2016-06-08T01:16:36+08:00 ] ::1 /blog/index.php/Admin/Manager/
ERR: 非法操作:index

[ 2016-06-08T01:25:41+08:00 ] ::1 /blog/index.php/Admin/Manager/jquery.min.map
ERR: 非法操作:jquery.min.map

[ 2016-06-08T01:25:49+08:00 ] ::1 /blog/index.php/Admin/Manager/jquery.min.map
ERR: 非法操作:jquery.min.map

[ 2016-06-08T01:31:19+08:00 ] ::1 /blog/index.php/Admin/Manager/jquery.min.map
ERR: 非法操作:jquery.min.map

[ 2016-06-08T01:33:13+08:00 ] ::1 /blog/index.php/Admin/Manager/jquery.min.map
ERR: 非法操作:jquery.min.map

[ 2016-06-08T01:34:19+08:00 ] ::1 /blog/index.php/Admin/Manager/jquery.min.map
ERR: 非法操作:jquery.min.map

[ 2016-06-08T01:35:37+08:00 ] ::1 /blog/index.php/Admin/Manager/jquery.min.map
ERR: 非法操作:jquery.min.map

[ 2016-06-08T01:38:30+08:00 ] ::1 /blog/index.php/Admin/Manager/jquery.min.map
ERR: 非法操作:jquery.min.map

[ 2016-06-08T01:39:52+08:00 ] ::1 /blog/index.php/Admin/Manager/jquery.min.map
ERR: 非法操作:jquery.min.map

[ 2016-06-08T01:40:17+08:00 ] ::1 /blog/index.php/Admin/Manager/jquery.min.map
ERR: 非法操作:jquery.min.map

[ 2016-06-08T09:19:42+08:00 ] ::1 /blog/index.php/Admin/Manager/jquery.min.map
ERR: 非法操作:jquery.min.map

[ 2016-06-08T09:24:34+08:00 ] ::1 /blog/index.php/Admin/Manager/jquery.min.map
ERR: 非法操作:jquery.min.map

[ 2016-06-08T09:25:01+08:00 ] ::1 /blog/index.php/Admin/Manager/jquery.min.map
ERR: 非法操作:jquery.min.map

[ 2016-06-08T09:25:07+08:00 ] ::1 /blog/index.php/Admin/Manager/jquery.min.map
ERR: 非法操作:jquery.min.map

[ 2016-06-08T09:25:17+08:00 ] ::1 /blog/index.php/Admin/Manager/jquery.min.map
ERR: 非法操作:jquery.min.map

[ 2016-06-08T09:25:19+08:00 ] ::1 /blog/index.php/Admin/Manager/jquery.min.map
ERR: 非法操作:jquery.min.map

[ 2016-06-08T09:30:00+08:00 ] ::1 /blog/index.php/Admin/Manager/admin.html
ERR: 非法操作:admin

[ 2016-06-08T09:30:11+08:00 ] ::1 /blog/index.php/Admin/Manager/jquery.min.map
ERR: 非法操作:jquery.min.map

[ 2016-06-08T09:34:46+08:00 ] ::1 /blog/index.php/Admin/Manager/jquery.min.map
ERR: 非法操作:jquery.min.map

[ 2016-06-08T09:34:58+08:00 ] ::1 /blog/index.php/Admin/Manager/jquery.min.map
ERR: 非法操作:jquery.min.map

[ 2016-06-08T09:38:08+08:00 ] ::1 /blog/index.php/Admin/Manager/jquery.min.map
ERR: 非法操作:jquery.min.map

[ 2016-06-08T12:44:36+08:00 ] 127.0.0.1 /blog/index.php/Admin/Manager/%7B$Think.const.ADMIN_JS_URL%7Dfroala/css/froala_editor.css
ERR: 非法操作:{$Think.const.ADMIN_JS_URL}froala

[ 2016-06-08T12:44:36+08:00 ] 127.0.0.1 /blog/index.php/Admin/Manager/%7B$Think.const.ADMIN_JS_URL%7Dfroala/css/plugins/code_view.css
ERR: 非法操作:{$Think.const.ADMIN_JS_URL}froala

[ 2016-06-08T12:44:36+08:00 ] 127.0.0.1 /blog/index.php/Admin/Manager/%7B$Think.const.ADMIN_JS_URL%7Dfroala/css/froala_style.css
ERR: 非法操作:{$Think.const.ADMIN_JS_URL}froala

[ 2016-06-08T12:44:36+08:00 ] 127.0.0.1 /blog/index.php/Admin/Manager/%7B$Think.const.ADMIN_JS_URL%7Dfroala/css/plugins/image_manager.css
ERR: 非法操作:{$Think.const.ADMIN_JS_URL}froala

[ 2016-06-08T12:44:36+08:00 ] 127.0.0.1 /blog/index.php/Admin/Manager/%7B$Think.const.ADMIN_JS_URL%7Dfroala/css/plugins/image.css
ERR: 非法操作:{$Think.const.ADMIN_JS_URL}froala

[ 2016-06-08T12:44:36+08:00 ] 127.0.0.1 /blog/index.php/Admin/Manager/%7B$Think.const.ADMIN_JS_URL%7Dfroala/css/plugins/table.css
ERR: 非法操作:{$Think.const.ADMIN_JS_URL}froala

[ 2016-06-08T12:44:36+08:00 ] 127.0.0.1 /blog/index.php/Admin/Manager/%7B$Think.const.ADMIN_JS_URL%7Dfroala/js/froala_editor.min.js?_=1465361074618
INFO: [ app_begin ] --START--
INFO: Run Behavior\ReadHtmlCacheBehavior [ RunTime:0.000787s ]
INFO: [ app_begin ] --END-- [ RunTime:0.001528s ]
ERR: 非法操作:{$Think.const.ADMIN_JS_URL}froala

[ 2016-06-08T12:44:36+08:00 ] 127.0.0.1 /blog/index.php/Admin/Manager/%7B$Think.const.ADMIN_JS_URL%7Dfroala/css/plugins/video.css
ERR: 非法操作:{$Think.const.ADMIN_JS_URL}froala

[ 2016-06-08T12:44:48+08:00 ] 127.0.0.1 /blog/index.php/Admin/Manager/%7B$Think.const.ADMIN_JS_URL%7Dfroala/css/froala_style.css
ERR: 非法操作:{$Think.const.ADMIN_JS_URL}froala

[ 2016-06-08T12:44:48+08:00 ] 127.0.0.1 /blog/index.php/Admin/Manager/%7B$Think.const.ADMIN_JS_URL%7Dfroala/css/froala_editor.css
ERR: 非法操作:{$Think.const.ADMIN_JS_URL}froala

[ 2016-06-08T12:44:48+08:00 ] 127.0.0.1 /blog/index.php/Admin/Manager/%7B$Think.const.ADMIN_JS_URL%7Dfroala/css/plugins/code_view.css
ERR: 非法操作:{$Think.const.ADMIN_JS_URL}froala

[ 2016-06-08T12:44:48+08:00 ] 127.0.0.1 /blog/index.php/Admin/Manager/%7B$Think.const.ADMIN_JS_URL%7Dfroala/css/plugins/image.css
ERR: 非法操作:{$Think.const.ADMIN_JS_URL}froala

[ 2016-06-08T12:44:48+08:00 ] 127.0.0.1 /blog/index.php/Admin/Manager/%7B$Think.const.ADMIN_JS_URL%7Dfroala/css/plugins/image_manager.css
ERR: 非法操作:{$Think.const.ADMIN_JS_URL}froala

[ 2016-06-08T12:44:48+08:00 ] 127.0.0.1 /blog/index.php/Admin/Manager/%7B$Think.const.ADMIN_JS_URL%7Dfroala/css/plugins/video.css
ERR: 非法操作:{$Think.const.ADMIN_JS_URL}froala

[ 2016-06-08T12:44:48+08:00 ] 127.0.0.1 /blog/index.php/Admin/Manager/%7B$Think.const.ADMIN_JS_URL%7Dfroala/css/plugins/table.css
ERR: 非法操作:{$Think.const.ADMIN_JS_URL}froala

[ 2016-06-08T12:44:48+08:00 ] 127.0.0.1 /blog/index.php/Admin/Manager/%7B$Think.const.ADMIN_JS_URL%7Dfroala/js/froala_editor.min.js?_=1465361085500
INFO: [ app_begin ] --START--
INFO: Run Behavior\ReadHtmlCacheBehavior [ RunTime:0.000772s ]
INFO: [ app_begin ] --END-- [ RunTime:0.001610s ]
ERR: 非法操作:{$Think.const.ADMIN_JS_URL}froala

[ 2016-06-08T12:44:57+08:00 ] ::1 /blog/index.php/Admin/Manager/%7B$Think.const.ADMIN_JS_URL%7Dfroala/css/froala_editor.css
ERR: 非法操作:{$Think.const.ADMIN_JS_URL}froala

[ 2016-06-08T12:44:57+08:00 ] ::1 /blog/index.php/Admin/Manager/%7B$Think.const.ADMIN_JS_URL%7Dfroala/css/plugins/code_view.css
ERR: 非法操作:{$Think.const.ADMIN_JS_URL}froala

[ 2016-06-08T12:44:57+08:00 ] ::1 /blog/index.php/Admin/Manager/%7B$Think.const.ADMIN_JS_URL%7Dfroala/css/plugins/image_manager.css
ERR: 非法操作:{$Think.const.ADMIN_JS_URL}froala

[ 2016-06-08T12:44:57+08:00 ] ::1 /blog/index.php/Admin/Manager/%7B$Think.const.ADMIN_JS_URL%7Dfroala/css/froala_style.css
ERR: 非法操作:{$Think.const.ADMIN_JS_URL}froala

[ 2016-06-08T12:44:57+08:00 ] ::1 /blog/index.php/Admin/Manager/%7B$Think.const.ADMIN_JS_URL%7Dfroala/css/plugins/image.css
ERR: 非法操作:{$Think.const.ADMIN_JS_URL}froala

[ 2016-06-08T12:44:57+08:00 ] ::1 /blog/index.php/Admin/Manager/%7B$Think.const.ADMIN_JS_URL%7Dfroala/css/plugins/table.css
ERR: 非法操作:{$Think.const.ADMIN_JS_URL}froala

[ 2016-06-08T12:44:57+08:00 ] ::1 /blog/index.php/Admin/Manager/%7B$Think.const.ADMIN_JS_URL%7Dfroala/css/plugins/video.css
ERR: 非法操作:{$Think.const.ADMIN_JS_URL}froala

[ 2016-06-08T12:44:57+08:00 ] ::1 /blog/index.php/Admin/Manager/%7B$Think.const.ADMIN_JS_URL%7Dfroala/js/froala_editor.min.js?_=1465361095640
INFO: [ app_begin ] --START--
INFO: Run Behavior\ReadHtmlCacheBehavior [ RunTime:0.000870s ]
INFO: [ app_begin ] --END-- [ RunTime:0.001518s ]
ERR: 非法操作:{$Think.const.ADMIN_JS_URL}froala

[ 2016-06-08T20:30:04+08:00 ] 127.0.0.1 /blog/index.php/Admin/Manager/%7B$Think.const.JS_URL%7Djquery.min.js?_=1465389001718
INFO: [ app_begin ] --START--
INFO: Run Behavior\ReadHtmlCacheBehavior [ RunTime:0.000801s ]
INFO: [ app_begin ] --END-- [ RunTime:0.001302s ]
ERR: 非法操作:{$Think.const.JS_URL}jquery.min.js

[ 2016-06-08T20:51:25+08:00 ] 127.0.0.1 /blog/index.php/Admin/Manager/%7B$Think.const.JS_URL%7Dbootstrap.min.js?_=1465390276961
INFO: [ app_begin ] --START--
INFO: Run Behavior\ReadHtmlCacheBehavior [ RunTime:0.000780s ]
INFO: [ app_begin ] --END-- [ RunTime:0.001243s ]
ERR: 非法操作:{$Think.const.JS_URL}bootstrap.min.js

[ 2016-06-08T23:41:36+08:00 ] 127.0.0.1 /blog/index.php/Admin/Manager/admin.html
ERR: 非法操作:admin

[ 2016-06-08T23:51:19+08:00 ] ::1 /blog/index.php/Admin/Manager/handle.html
ERR: 1292:Incorrect datetime value: '2016' for column 'logintime' at row 1
 [ SQL语句 ] : UPDATE `admin` SET `logintime`='2016',`loginip`='0' WHERE ( id=1 )

[ 2016-06-08T23:57:14+08:00 ] ::1 /blog/index.php/Admin/Manager/handle.html
ERR: 1292:Incorrect datetime value: '2016' for column 'logintime' at row 1
 [ SQL语句 ] : UPDATE `admin` SET `logintime`='2016',`loginip`='0' WHERE ( id=1 )

